{"C:\\Users\\mirja\\projects\\TaPas2\\tapas\\frontend\\src\\components\\Button.tsx": {"path":"C:\\Users\\mirja\\projects\\TaPas2\\tapas\\frontend\\src\\components\\Button.tsx","statementMap":{"0":{"start":{"line":1,"column":0},"end":{"line":1,"column":41}},"1":{"start":{"line":8,"column":15},"end":{"line":14,"column":1}},"2":{"start":{"line":9,"column":2},"end":{"line":13,"column":4}},"3":{"start":{"line":16,"column":0},"end":{"line":16,"column":22}}},"fnMap":{"0":{"name":"(anonymous_1)","decl":{"start":{"line":8,"column":15},"end":{"line":8,"column":16}},"loc":{"start":{"line":8,"column":62},"end":{"line":14,"column":1}}}},"branchMap":{},"s":{"0":1,"1":1,"2":2,"3":1},"f":{"0":2},"b":{}}
,"C:\\Users\\mirja\\projects\\TaPas2\\tapas\\frontend\\src\\hooks\\useAuth.ts": {"path":"C:\\Users\\mirja\\projects\\TaPas2\\tapas\\frontend\\src\\hooks\\useAuth.ts","statementMap":{"0":{"start":{"line":2,"column":0},"end":{"line":2,"column":33}},"1":{"start":{"line":4,"column":16},"end":{"line":78,"column":1}},"2":{"start":{"line":5,"column":28},"end":{"line":5,"column":73}},"3":{"start":{"line":6,"column":34},"end":{"line":7,"column":null}},"4":{"start":{"line":9,"column":28},"end":{"line":9,"column":40}},"5":{"start":{"line":11,"column":22},"end":{"line":40,"column":4}},"6":{"start":{"line":11,"column":67},"end":{"line":40,"column":4}},"7":{"start":{"line":12,"column":4},"end":{"line":12,"column":17}},"8":{"start":{"line":14,"column":4},"end":{"line":39,"column":null}},"9":{"start":{"line":15,"column":23},"end":{"line":23,"column":null}},"10":{"start":{"line":25,"column":6},"end":{"line":28,"column":null}},"11":{"start":{"line":26,"column":26},"end":{"line":26,"column":47}},"12":{"start":{"line":27,"column":8},"end":{"line":27,"column":61}},"13":{"start":{"line":30,"column":19},"end":{"line":30,"column":40}},"14":{"start":{"line":31,"column":6},"end":{"line":31,"column":48}},"15":{"start":{"line":32,"column":6},"end":{"line":32,"column":49}},"16":{"start":{"line":33,"column":6},"end":{"line":33,"column":46}},"17":{"start":{"line":34,"column":6},"end":{"line":34,"column":27}},"18":{"start":{"line":35,"column":6},"end":{"line":35,"column":28}},"19":{"start":{"line":36,"column":6},"end":{"line":36,"column":33}},"20":{"start":{"line":38,"column":6},"end":{"line":38,"column":28}},"21":{"start":{"line":42,"column":23},"end":{"line":69,"column":4}},"22":{"start":{"line":42,"column":34},"end":{"line":69,"column":4}},"23":{"start":{"line":43,"column":4},"end":{"line":43,"column":17}},"24":{"start":{"line":45,"column":4},"end":{"line":68,"column":null}},"25":{"start":{"line":46,"column":23},"end":{"line":53,"column":null}},"26":{"start":{"line":56,"column":6},"end":{"line":59,"column":null}},"27":{"start":{"line":57,"column":26},"end":{"line":57,"column":47}},"28":{"start":{"line":58,"column":8},"end":{"line":58,"column":62}},"29":{"start":{"line":61,"column":6},"end":{"line":61,"column":19}},"30":{"start":{"line":62,"column":6},"end":{"line":62,"column":22}},"31":{"start":{"line":63,"column":6},"end":{"line":63,"column":39}},"32":{"start":{"line":64,"column":6},"end":{"line":64,"column":42}},"33":{"start":{"line":65,"column":6},"end":{"line":65,"column":34}},"34":{"start":{"line":67,"column":6},"end":{"line":67,"column":28}},"35":{"start":{"line":71,"column":2},"end":{"line":77,"column":4}},"36":{"start":{"line":80,"column":0},"end":{"line":80,"column":23}}},"fnMap":{"0":{"name":"(anonymous_7)","decl":{"start":{"line":4,"column":16},"end":{"line":4,"column":19}},"loc":{"start":{"line":4,"column":21},"end":{"line":78,"column":1}}},"1":{"name":"(anonymous_8)","decl":{"start":{"line":11,"column":22},"end":{"line":11,"column":29}},"loc":{"start":{"line":11,"column":67},"end":{"line":40,"column":4}}},"2":{"name":"(anonymous_9)","decl":{"start":{"line":11,"column":67},"end":{"line":11,"column":null}},"loc":{"start":{"line":11,"column":67},"end":{"line":40,"column":3}}},"3":{"name":"(anonymous_10)","decl":{"start":{"line":42,"column":23},"end":{"line":42,"column":32}},"loc":{"start":{"line":42,"column":34},"end":{"line":69,"column":4}}},"4":{"name":"(anonymous_11)","decl":{"start":{"line":42,"column":34},"end":{"line":42,"column":null}},"loc":{"start":{"line":42,"column":34},"end":{"line":69,"column":3}}}},"branchMap":{"0":{"loc":{"start":{"line":5,"column":37},"end":{"line":5,"column":72}},"type":"binary-expr","locations":[{"start":{"line":5,"column":37},"end":{"line":5,"column":66}},{"start":{"line":5,"column":70},"end":{"line":5,"column":72}}]},"1":{"loc":{"start":{"line":7,"column":4},"end":{"line":7,"column":42}},"type":"binary-expr","locations":[{"start":{"line":7,"column":4},"end":{"line":7,"column":36}},{"start":{"line":7,"column":40},"end":{"line":7,"column":42}}]},"2":{"loc":{"start":{"line":25,"column":6},"end":{"line":28,"column":null}},"type":"if","locations":[{"start":{"line":25,"column":6},"end":{"line":28,"column":null}}]},"3":{"loc":{"start":{"line":27,"column":24},"end":{"line":27,"column":59}},"type":"binary-expr","locations":[{"start":{"line":27,"column":24},"end":{"line":27,"column":41}},{"start":{"line":27,"column":45},"end":{"line":27,"column":59}}]},"4":{"loc":{"start":{"line":56,"column":6},"end":{"line":59,"column":null}},"type":"if","locations":[{"start":{"line":56,"column":6},"end":{"line":59,"column":null}}]},"5":{"loc":{"start":{"line":58,"column":24},"end":{"line":58,"column":60}},"type":"binary-expr","locations":[{"start":{"line":58,"column":24},"end":{"line":58,"column":41}},{"start":{"line":58,"column":45},"end":{"line":58,"column":60}}]}},"s":{"0":1,"1":1,"2":8,"3":8,"4":8,"5":8,"6":1,"7":1,"8":1,"9":1,"10":1,"11":0,"12":0,"13":1,"14":1,"15":1,"16":1,"17":1,"18":1,"19":1,"20":0,"21":8,"22":2,"23":2,"24":2,"25":2,"26":2,"27":1,"28":1,"29":1,"30":1,"31":1,"32":1,"33":1,"34":1,"35":8,"36":1},"f":{"0":8,"1":1,"2":1,"3":2,"4":2},"b":{"0":[8,6],"1":[8,6],"2":[0],"3":[0,0],"4":[1],"5":[1,0]}}
}
