TN:
SF:src\components\Button.tsx
FN:8,(anonymous_1)
FNF:1
FNH:1
FNDA:2,(anonymous_1)
DA:1,1
DA:8,1
DA:9,2
DA:16,1
LF:4
LH:4
BRF:0
BRH:0
end_of_record
TN:
SF:src\hooks\useAuth.ts
FN:4,(anonymous_7)
FN:11,(anonymous_8)
FN:11,(anonymous_9)
FN:42,(anonymous_10)
FN:42,(anonymous_11)
FNF:5
FNH:5
FNDA:8,(anonymous_7)
FNDA:1,(anonymous_8)
FNDA:1,(anonymous_9)
FNDA:2,(anonymous_10)
FNDA:2,(anonymous_11)
DA:2,1
DA:4,1
DA:5,8
DA:6,8
DA:9,8
DA:11,8
DA:12,1
DA:14,1
DA:15,1
DA:25,1
DA:26,0
DA:27,0
DA:30,1
DA:31,1
DA:32,1
DA:33,1
DA:34,1
DA:35,1
DA:36,1
DA:38,0
DA:42,8
DA:43,2
DA:45,2
DA:46,2
DA:56,2
DA:57,1
DA:58,1
DA:61,1
DA:62,1
DA:63,1
DA:64,1
DA:65,1
DA:67,1
DA:71,8
DA:80,1
LF:35
LH:32
BRDA:5,0,0,8
BRDA:5,0,1,6
BRDA:7,1,0,8
BRDA:7,1,1,6
BRDA:25,2,0,0
BRDA:27,3,0,0
BRDA:27,3,1,0
BRDA:56,4,0,1
BRDA:58,5,0,1
BRDA:58,5,1,0
BRF:10
BRH:6
end_of_record
