{"C:\\Users\\mirja\\projects\\TaPas2\\tapas\\backend\\config.js": {"path":"C:\\Users\\mirja\\projects\\TaPas2\\tapas\\backend\\config.js","statementMap":{"0":{"start":{"line":1,"column":0},"end":{"line":8,"column":6}}},"fnMap":{},"branchMap":{"0":{"loc":{"start":{"line":2,"column":16},"end":{"line":2,"column":60}},"type":"binary-expr","locations":[{"start":{"line":2,"column":16},"end":{"line":2,"column":38}},{"start":{"line":2,"column":42},"end":{"line":2,"column":60}}],"line":2},"1":{"loc":{"start":{"line":4,"column":12},"end":{"line":4,"column":80}},"type":"binary-expr","locations":[{"start":{"line":4,"column":12},"end":{"line":4,"column":33}},{"start":{"line":4,"column":37},"end":{"line":4,"column":80}}],"line":4},"2":{"loc":{"start":{"line":5,"column":10},"end":{"line":5,"column":34}},"type":"binary-expr","locations":[{"start":{"line":5,"column":10},"end":{"line":5,"column":26}},{"start":{"line":5,"column":30},"end":{"line":5,"column":34}}],"line":5},"3":{"loc":{"start":{"line":6,"column":15},"end":{"line":6,"column":83}},"type":"binary-expr","locations":[{"start":{"line":6,"column":15},"end":{"line":6,"column":36}},{"start":{"line":6,"column":40},"end":{"line":6,"column":83}}],"line":6},"4":{"loc":{"start":{"line":7,"column":20},"end":{"line":7,"column":71}},"type":"binary-expr","locations":[{"start":{"line":7,"column":20},"end":{"line":7,"column":46}},{"start":{"line":7,"column":50},"end":{"line":7,"column":71}}],"line":7}},"s":{"0":1},"f":{},"b":{"0":[1,1],"1":[1,1],"2":[1,1],"3":[1,1],"4":[1,1]},"_coverageSchema":"1a1c01bbd47fc00a2c39e90264f33305004495a9","hash":"fd6ad3f5975c74f5776772f7c25809ed7cfe9f3c"}
,"C:\\Users\\mirja\\projects\\TaPas2\\tapas\\backend\\controllers\\authController.js": {"path":"C:\\Users\\mirja\\projects\\TaPas2\\tapas\\backend\\controllers\\authController.js","statementMap":{"0":{"start":{"line":1,"column":15},"end":{"line":1,"column":32}},"1":{"start":{"line":2,"column":12},"end":{"line":2,"column":35}},"2":{"start":{"line":3,"column":13},"end":{"line":3,"column":42}},"3":{"start":{"line":4,"column":39},"end":{"line":4,"column":59}},"4":{"start":{"line":7,"column":21},"end":{"line":7,"column":53}},"5":{"start":{"line":10,"column":14},"end":{"line":42,"column":1}},"6":{"start":{"line":12,"column":33},"end":{"line":12,"column":41}},"7":{"start":{"line":14,"column":2},"end":{"line":41,"column":3}},"8":{"start":{"line":16,"column":17},"end":{"line":16,"column":52}},"9":{"start":{"line":18,"column":4},"end":{"line":20,"column":5}},"10":{"start":{"line":19,"column":8},"end":{"line":19,"column":67}},"11":{"start":{"line":23,"column":28},"end":{"line":23,"column":73}},"12":{"start":{"line":24,"column":4},"end":{"line":26,"column":5}},"13":{"start":{"line":25,"column":6},"end":{"line":25,"column":79}},"14":{"start":{"line":29,"column":18},"end":{"line":29,"column":129}},"15":{"start":{"line":32,"column":3},"end":{"line":36,"column":5}},"16":{"start":{"line":37,"column":2},"end":{"line":37,"column":46}},"17":{"start":{"line":38,"column":4},"end":{"line":38,"column":89}},"18":{"start":{"line":40,"column":4},"end":{"line":40,"column":63}},"19":{"start":{"line":44,"column":23},"end":{"line":85,"column":1}},"20":{"start":{"line":45,"column":2},"end":{"line":84,"column":3}},"21":{"start":{"line":46,"column":25},"end":{"line":46,"column":50}},"22":{"start":{"line":48,"column":6},"end":{"line":50,"column":7}},"23":{"start":{"line":49,"column":10},"end":{"line":49,"column":67}},"24":{"start":{"line":52,"column":20},"end":{"line":52,"column":44}},"25":{"start":{"line":53,"column":22},"end":{"line":53,"column":51}},"26":{"start":{"line":55,"column":43},"end":{"line":55,"column":51}},"27":{"start":{"line":57,"column":6},"end":{"line":59,"column":7}},"28":{"start":{"line":58,"column":10},"end":{"line":58,"column":89}},"29":{"start":{"line":62,"column":19},"end":{"line":62,"column":50}},"30":{"start":{"line":63,"column":6},"end":{"line":65,"column":7}},"31":{"start":{"line":64,"column":10},"end":{"line":64,"column":69}},"32":{"start":{"line":68,"column":30},"end":{"line":68,"column":78}},"33":{"start":{"line":69,"column":6},"end":{"line":71,"column":7}},"34":{"start":{"line":70,"column":10},"end":{"line":70,"column":80}},"35":{"start":{"line":74,"column":29},"end":{"line":74,"column":63}},"36":{"start":{"line":77,"column":6},"end":{"line":77,"column":37}},"37":{"start":{"line":78,"column":6},"end":{"line":78,"column":24}},"38":{"start":{"line":80,"column":6},"end":{"line":80,"column":80}},"39":{"start":{"line":82,"column":6},"end":{"line":82,"column":55}},"40":{"start":{"line":83,"column":6},"end":{"line":83,"column":72}},"41":{"start":{"line":88,"column":28},"end":{"line":98,"column":1}},"42":{"start":{"line":89,"column":2},"end":{"line":97,"column":3}},"43":{"start":{"line":92,"column":19},"end":{"line":92,"column":61}},"44":{"start":{"line":93,"column":6},"end":{"line":93,"column":18}},"45":{"start":{"line":95,"column":6},"end":{"line":95,"column":73}},"46":{"start":{"line":96,"column":6},"end":{"line":96,"column":18}},"47":{"start":{"line":100,"column":15},"end":{"line":136,"column":1}},"48":{"start":{"line":101,"column":2},"end":{"line":135,"column":3}},"49":{"start":{"line":102,"column":23},"end":{"line":102,"column":48}},"50":{"start":{"line":104,"column":4},"end":{"line":106,"column":5}},"51":{"start":{"line":105,"column":6},"end":{"line":105,"column":78}},"52":{"start":{"line":108,"column":18},"end":{"line":108,"column":42}},"53":{"start":{"line":110,"column":4},"end":{"line":131,"column":5}},"54":{"start":{"line":112,"column":22},"end":{"line":112,"column":51}},"55":{"start":{"line":113,"column":6},"end":{"line":113,"column":45}},"56":{"start":{"line":116,"column":6},"end":{"line":121,"column":7}},"57":{"start":{"line":117,"column":8},"end":{"line":117,"column":35}},"58":{"start":{"line":118,"column":8},"end":{"line":118,"column":70}},"59":{"start":{"line":120,"column":8},"end":{"line":120,"column":77}},"60":{"start":{"line":124,"column":6},"end":{"line":130,"column":7}},"61":{"start":{"line":125,"column":8},"end":{"line":125,"column":60}},"62":{"start":{"line":126,"column":8},"end":{"line":126,"column":86}},"63":{"start":{"line":128,"column":8},"end":{"line":128,"column":47}},"64":{"start":{"line":129,"column":8},"end":{"line":129,"column":66}},"65":{"start":{"line":133,"column":4},"end":{"line":133,"column":49}},"66":{"start":{"line":134,"column":4},"end":{"line":134,"column":70}},"67":{"start":{"line":139,"column":25},"end":{"line":145,"column":1}},"68":{"start":{"line":140,"column":24},"end":{"line":143,"column":5}},"69":{"start":{"line":140,"column":73},"end":{"line":143,"column":3}},"70":{"start":{"line":144,"column":2},"end":{"line":144,"column":49}},"71":{"start":{"line":146,"column":0},"end":{"line":146,"column":83}}},"fnMap":{"0":{"name":"(anonymous_0)","decl":{"start":{"line":10,"column":14},"end":{"line":10,"column":15}},"loc":{"start":{"line":10,"column":33},"end":{"line":42,"column":1}},"line":10},"1":{"name":"(anonymous_1)","decl":{"start":{"line":44,"column":23},"end":{"line":44,"column":24}},"loc":{"start":{"line":44,"column":43},"end":{"line":85,"column":1}},"line":44},"2":{"name":"(anonymous_2)","decl":{"start":{"line":88,"column":28},"end":{"line":88,"column":29}},"loc":{"start":{"line":88,"column":48},"end":{"line":98,"column":1}},"line":88},"3":{"name":"(anonymous_3)","decl":{"start":{"line":100,"column":15},"end":{"line":100,"column":16}},"loc":{"start":{"line":100,"column":35},"end":{"line":136,"column":1}},"line":100},"4":{"name":"(anonymous_4)","decl":{"start":{"line":139,"column":25},"end":{"line":139,"column":26}},"loc":{"start":{"line":139,"column":39},"end":{"line":145,"column":1}},"line":139},"5":{"name":"(anonymous_5)","decl":{"start":{"line":140,"column":62},"end":{"line":140,"column":63}},"loc":{"start":{"line":140,"column":73},"end":{"line":143,"column":3}},"line":140}},"branchMap":{"0":{"loc":{"start":{"line":18,"column":4},"end":{"line":20,"column":5}},"type":"if","locations":[{"start":{"line":18,"column":4},"end":{"line":20,"column":5}},{"start":{},"end":{}}],"line":18},"1":{"loc":{"start":{"line":24,"column":4},"end":{"line":26,"column":5}},"type":"if","locations":[{"start":{"line":24,"column":4},"end":{"line":26,"column":5}},{"start":{},"end":{}}],"line":24},"2":{"loc":{"start":{"line":48,"column":6},"end":{"line":50,"column":7}},"type":"if","locations":[{"start":{"line":48,"column":6},"end":{"line":50,"column":7}},{"start":{},"end":{}}],"line":48},"3":{"loc":{"start":{"line":48,"column":10},"end":{"line":48,"column":58}},"type":"binary-expr","locations":[{"start":{"line":48,"column":10},"end":{"line":48,"column":21}},{"start":{"line":48,"column":25},"end":{"line":48,"column":58}}],"line":48},"4":{"loc":{"start":{"line":57,"column":6},"end":{"line":59,"column":7}},"type":"if","locations":[{"start":{"line":57,"column":6},"end":{"line":59,"column":7}},{"start":{},"end":{}}],"line":57},"5":{"loc":{"start":{"line":57,"column":10},"end":{"line":57,"column":38}},"type":"binary-expr","locations":[{"start":{"line":57,"column":10},"end":{"line":57,"column":22}},{"start":{"line":57,"column":26},"end":{"line":57,"column":38}}],"line":57},"6":{"loc":{"start":{"line":63,"column":6},"end":{"line":65,"column":7}},"type":"if","locations":[{"start":{"line":63,"column":6},"end":{"line":65,"column":7}},{"start":{},"end":{}}],"line":63},"7":{"loc":{"start":{"line":69,"column":6},"end":{"line":71,"column":7}},"type":"if","locations":[{"start":{"line":69,"column":6},"end":{"line":71,"column":7}},{"start":{},"end":{}}],"line":69},"8":{"loc":{"start":{"line":104,"column":4},"end":{"line":106,"column":5}},"type":"if","locations":[{"start":{"line":104,"column":4},"end":{"line":106,"column":5}},{"start":{},"end":{}}],"line":104},"9":{"loc":{"start":{"line":104,"column":8},"end":{"line":104,"column":56}},"type":"binary-expr","locations":[{"start":{"line":104,"column":8},"end":{"line":104,"column":19}},{"start":{"line":104,"column":23},"end":{"line":104,"column":56}}],"line":104},"10":{"loc":{"start":{"line":116,"column":6},"end":{"line":121,"column":7}},"type":"if","locations":[{"start":{"line":116,"column":6},"end":{"line":121,"column":7}},{"start":{"line":119,"column":13},"end":{"line":121,"column":7}}],"line":116},"11":{"loc":{"start":{"line":124,"column":6},"end":{"line":130,"column":7}},"type":"if","locations":[{"start":{"line":124,"column":6},"end":{"line":130,"column":7}},{"start":{"line":127,"column":13},"end":{"line":130,"column":7}}],"line":124}},"s":{"0":1,"1":1,"2":1,"3":1,"4":1,"5":1,"6":2,"7":2,"8":2,"9":2,"10":0,"11":2,"12":2,"13":1,"14":1,"15":1,"16":1,"17":1,"18":0,"19":1,"20":6,"21":6,"22":6,"23":1,"24":5,"25":5,"26":4,"27":4,"28":1,"29":3,"30":3,"31":1,"32":2,"33":2,"34":1,"35":1,"36":1,"37":1,"38":1,"39":1,"40":1,"41":1,"42":2,"43":2,"44":2,"45":0,"46":0,"47":1,"48":1,"49":1,"50":1,"51":0,"52":1,"53":1,"54":1,"55":1,"56":1,"57":1,"58":1,"59":0,"60":0,"61":0,"62":0,"63":0,"64":0,"65":0,"66":0,"67":1,"68":2,"69":2,"70":2,"71":1},"f":{"0":2,"1":6,"2":2,"3":1,"4":2,"5":2},"b":{"0":[0,2],"1":[1,1],"2":[1,5],"3":[6,5],"4":[1,3],"5":[4,3],"6":[1,2],"7":[1,1],"8":[0,1],"9":[1,1],"10":[1,0],"11":[0,0]},"_coverageSchema":"1a1c01bbd47fc00a2c39e90264f33305004495a9","hash":"922cf90a03606a55f97ee3e335902d8c775510e4"}
,"C:\\Users\\mirja\\projects\\TaPas2\\tapas\\backend\\models\\Userlist.js": {"path":"C:\\Users\\mirja\\projects\\TaPas2\\tapas\\backend\\models\\Userlist.js","statementMap":{"0":{"start":{"line":1,"column":17},"end":{"line":1,"column":36}},"1":{"start":{"line":3,"column":19},"end":{"line":14,"column":2}},"2":{"start":{"line":16,"column":17},"end":{"line":16,"column":55}},"3":{"start":{"line":18,"column":0},"end":{"line":18,"column":26}}},"fnMap":{},"branchMap":{},"s":{"0":1,"1":1,"2":1,"3":1},"f":{},"b":{},"_coverageSchema":"1a1c01bbd47fc00a2c39e90264f33305004495a9","hash":"483265b761701179bb92591f109eea67b32d0ad6"}
,"C:\\Users\\mirja\\projects\\TaPas2\\tapas\\backend\\utils\\activeTokens.js": {"path":"C:\\Users\\mirja\\projects\\TaPas2\\tapas\\backend\\utils\\activeTokens.js","statementMap":{"0":{"start":{"line":1,"column":21},"end":{"line":1,"column":30}},"1":{"start":{"line":2,"column":0},"end":{"line":2,"column":30}}},"fnMap":{},"branchMap":{},"s":{"0":1,"1":1},"f":{},"b":{},"_coverageSchema":"1a1c01bbd47fc00a2c39e90264f33305004495a9","hash":"daa41f9f83baeb593c9d3e44b98f54a3a1b2442c"}
}
