{"C:\\Users\\mirja\\projects\\TaPas2\\tapas\\backend\\config.js": {"path":"C:\\Users\\mirja\\projects\\TaPas2\\tapas\\backend\\config.js","statementMap":{"0":{"start":{"line":1,"column":0},"end":{"line":8,"column":6}}},"fnMap":{},"branchMap":{"0":{"loc":{"start":{"line":2,"column":16},"end":{"line":2,"column":60}},"type":"binary-expr","locations":[{"start":{"line":2,"column":16},"end":{"line":2,"column":38}},{"start":{"line":2,"column":42},"end":{"line":2,"column":60}}],"line":2},"1":{"loc":{"start":{"line":4,"column":12},"end":{"line":4,"column":80}},"type":"binary-expr","locations":[{"start":{"line":4,"column":12},"end":{"line":4,"column":33}},{"start":{"line":4,"column":37},"end":{"line":4,"column":80}}],"line":4},"2":{"loc":{"start":{"line":5,"column":10},"end":{"line":5,"column":34}},"type":"binary-expr","locations":[{"start":{"line":5,"column":10},"end":{"line":5,"column":26}},{"start":{"line":5,"column":30},"end":{"line":5,"column":34}}],"line":5},"3":{"loc":{"start":{"line":6,"column":15},"end":{"line":6,"column":83}},"type":"binary-expr","locations":[{"start":{"line":6,"column":15},"end":{"line":6,"column":36}},{"start":{"line":6,"column":40},"end":{"line":6,"column":83}}],"line":6},"4":{"loc":{"start":{"line":7,"column":20},"end":{"line":7,"column":71}},"type":"binary-expr","locations":[{"start":{"line":7,"column":20},"end":{"line":7,"column":46}},{"start":{"line":7,"column":50},"end":{"line":7,"column":71}}],"line":7}},"s":{"0":1},"f":{},"b":{"0":[1,1],"1":[1,1],"2":[1,1],"3":[1,1],"4":[1,1]},"_coverageSchema":"1a1c01bbd47fc00a2c39e90264f33305004495a9","hash":"fd6ad3f5975c74f5776772f7c25809ed7cfe9f3c"}
,"C:\\Users\\mirja\\projects\\TaPas2\\tapas\\backend\\controllers\\authController.js": {"path":"C:\\Users\\mirja\\projects\\TaPas2\\tapas\\backend\\controllers\\authController.js","statementMap":{"0":{"start":{"line":1,"column":15},"end":{"line":1,"column":32}},"1":{"start":{"line":2,"column":12},"end":{"line":2,"column":35}},"2":{"start":{"line":3,"column":13},"end":{"line":3,"column":42}},"3":{"start":{"line":4,"column":39},"end":{"line":4,"column":59}},"4":{"start":{"line":10,"column":14},"end":{"line":42,"column":1}},"5":{"start":{"line":11,"column":33},"end":{"line":11,"column":41}},"6":{"start":{"line":13,"column":2},"end":{"line":41,"column":3}},"7":{"start":{"line":14,"column":17},"end":{"line":14,"column":52}},"8":{"start":{"line":16,"column":4},"end":{"line":18,"column":5}},"9":{"start":{"line":17,"column":6},"end":{"line":17,"column":65}},"10":{"start":{"line":21,"column":28},"end":{"line":21,"column":73}},"11":{"start":{"line":22,"column":4},"end":{"line":24,"column":5}},"12":{"start":{"line":23,"column":6},"end":{"line":23,"column":79}},"13":{"start":{"line":27,"column":18},"end":{"line":31,"column":5}},"14":{"start":{"line":34,"column":25},"end":{"line":34,"column":52}},"15":{"start":{"line":35,"column":4},"end":{"line":35,"column":97}},"16":{"start":{"line":37,"column":4},"end":{"line":37,"column":48}},"17":{"start":{"line":38,"column":4},"end":{"line":38,"column":89}},"18":{"start":{"line":40,"column":4},"end":{"line":40,"column":63}},"19":{"start":{"line":43,"column":23},"end":{"line":84,"column":1}},"20":{"start":{"line":44,"column":2},"end":{"line":83,"column":3}},"21":{"start":{"line":45,"column":25},"end":{"line":45,"column":50}},"22":{"start":{"line":47,"column":6},"end":{"line":49,"column":7}},"23":{"start":{"line":48,"column":10},"end":{"line":48,"column":67}},"24":{"start":{"line":51,"column":20},"end":{"line":51,"column":44}},"25":{"start":{"line":52,"column":22},"end":{"line":52,"column":51}},"26":{"start":{"line":54,"column":43},"end":{"line":54,"column":51}},"27":{"start":{"line":56,"column":6},"end":{"line":58,"column":7}},"28":{"start":{"line":57,"column":10},"end":{"line":57,"column":89}},"29":{"start":{"line":61,"column":19},"end":{"line":61,"column":50}},"30":{"start":{"line":62,"column":6},"end":{"line":64,"column":7}},"31":{"start":{"line":63,"column":10},"end":{"line":63,"column":69}},"32":{"start":{"line":67,"column":30},"end":{"line":67,"column":78}},"33":{"start":{"line":68,"column":6},"end":{"line":70,"column":7}},"34":{"start":{"line":69,"column":10},"end":{"line":69,"column":80}},"35":{"start":{"line":73,"column":29},"end":{"line":73,"column":63}},"36":{"start":{"line":76,"column":6},"end":{"line":76,"column":37}},"37":{"start":{"line":77,"column":6},"end":{"line":77,"column":24}},"38":{"start":{"line":79,"column":6},"end":{"line":79,"column":80}},"39":{"start":{"line":81,"column":6},"end":{"line":81,"column":55}},"40":{"start":{"line":82,"column":6},"end":{"line":82,"column":72}},"41":{"start":{"line":87,"column":28},"end":{"line":97,"column":1}},"42":{"start":{"line":88,"column":2},"end":{"line":96,"column":3}},"43":{"start":{"line":91,"column":19},"end":{"line":91,"column":61}},"44":{"start":{"line":92,"column":6},"end":{"line":92,"column":18}},"45":{"start":{"line":94,"column":6},"end":{"line":94,"column":73}},"46":{"start":{"line":95,"column":6},"end":{"line":95,"column":18}},"47":{"start":{"line":100,"column":15},"end":{"line":145,"column":1}},"48":{"start":{"line":101,"column":2},"end":{"line":144,"column":3}},"49":{"start":{"line":102,"column":23},"end":{"line":102,"column":48}},"50":{"start":{"line":104,"column":4},"end":{"line":106,"column":5}},"51":{"start":{"line":105,"column":6},"end":{"line":105,"column":78}},"52":{"start":{"line":108,"column":18},"end":{"line":108,"column":42}},"53":{"start":{"line":111,"column":4},"end":{"line":122,"column":5}},"54":{"start":{"line":112,"column":6},"end":{"line":112,"column":46}},"55":{"start":{"line":113,"column":6},"end":{"line":113,"column":45}},"56":{"start":{"line":115,"column":6},"end":{"line":121,"column":7}},"57":{"start":{"line":116,"column":8},"end":{"line":116,"column":60}},"58":{"start":{"line":117,"column":8},"end":{"line":117,"column":86}},"59":{"start":{"line":119,"column":8},"end":{"line":119,"column":47}},"60":{"start":{"line":120,"column":8},"end":{"line":120,"column":66}},"61":{"start":{"line":125,"column":24},"end":{"line":125,"column":53}},"62":{"start":{"line":126,"column":4},"end":{"line":129,"column":5}},"63":{"start":{"line":127,"column":6},"end":{"line":127,"column":41}},"64":{"start":{"line":128,"column":6},"end":{"line":128,"column":68}},"65":{"start":{"line":132,"column":25},"end":{"line":132,"column":52}},"66":{"start":{"line":134,"column":4},"end":{"line":140,"column":5}},"67":{"start":{"line":135,"column":6},"end":{"line":135,"column":33}},"68":{"start":{"line":136,"column":6},"end":{"line":136,"column":68}},"69":{"start":{"line":138,"column":6},"end":{"line":138,"column":69}},"70":{"start":{"line":139,"column":6},"end":{"line":139,"column":75}},"71":{"start":{"line":142,"column":4},"end":{"line":142,"column":49}},"72":{"start":{"line":143,"column":4},"end":{"line":143,"column":70}},"73":{"start":{"line":154,"column":25},"end":{"line":163,"column":1}},"74":{"start":{"line":155,"column":23},"end":{"line":155,"column":50}},"75":{"start":{"line":157,"column":24},"end":{"line":160,"column":5}},"76":{"start":{"line":157,"column":71},"end":{"line":160,"column":3}},"77":{"start":{"line":162,"column":2},"end":{"line":162,"column":49}},"78":{"start":{"line":164,"column":0},"end":{"line":164,"column":69}}},"fnMap":{"0":{"name":"(anonymous_0)","decl":{"start":{"line":10,"column":14},"end":{"line":10,"column":15}},"loc":{"start":{"line":10,"column":34},"end":{"line":42,"column":1}},"line":10},"1":{"name":"(anonymous_1)","decl":{"start":{"line":43,"column":23},"end":{"line":43,"column":24}},"loc":{"start":{"line":43,"column":43},"end":{"line":84,"column":1}},"line":43},"2":{"name":"(anonymous_2)","decl":{"start":{"line":87,"column":28},"end":{"line":87,"column":29}},"loc":{"start":{"line":87,"column":48},"end":{"line":97,"column":1}},"line":87},"3":{"name":"(anonymous_3)","decl":{"start":{"line":100,"column":15},"end":{"line":100,"column":16}},"loc":{"start":{"line":100,"column":35},"end":{"line":145,"column":1}},"line":100},"4":{"name":"(anonymous_4)","decl":{"start":{"line":154,"column":25},"end":{"line":154,"column":26}},"loc":{"start":{"line":154,"column":39},"end":{"line":163,"column":1}},"line":154},"5":{"name":"(anonymous_5)","decl":{"start":{"line":157,"column":62},"end":{"line":157,"column":63}},"loc":{"start":{"line":157,"column":71},"end":{"line":160,"column":3}},"line":157}},"branchMap":{"0":{"loc":{"start":{"line":16,"column":4},"end":{"line":18,"column":5}},"type":"if","locations":[{"start":{"line":16,"column":4},"end":{"line":18,"column":5}},{"start":{},"end":{}}],"line":16},"1":{"loc":{"start":{"line":22,"column":4},"end":{"line":24,"column":5}},"type":"if","locations":[{"start":{"line":22,"column":4},"end":{"line":24,"column":5}},{"start":{},"end":{}}],"line":22},"2":{"loc":{"start":{"line":47,"column":6},"end":{"line":49,"column":7}},"type":"if","locations":[{"start":{"line":47,"column":6},"end":{"line":49,"column":7}},{"start":{},"end":{}}],"line":47},"3":{"loc":{"start":{"line":47,"column":10},"end":{"line":47,"column":58}},"type":"binary-expr","locations":[{"start":{"line":47,"column":10},"end":{"line":47,"column":21}},{"start":{"line":47,"column":25},"end":{"line":47,"column":58}}],"line":47},"4":{"loc":{"start":{"line":56,"column":6},"end":{"line":58,"column":7}},"type":"if","locations":[{"start":{"line":56,"column":6},"end":{"line":58,"column":7}},{"start":{},"end":{}}],"line":56},"5":{"loc":{"start":{"line":56,"column":10},"end":{"line":56,"column":38}},"type":"binary-expr","locations":[{"start":{"line":56,"column":10},"end":{"line":56,"column":22}},{"start":{"line":56,"column":26},"end":{"line":56,"column":38}}],"line":56},"6":{"loc":{"start":{"line":62,"column":6},"end":{"line":64,"column":7}},"type":"if","locations":[{"start":{"line":62,"column":6},"end":{"line":64,"column":7}},{"start":{},"end":{}}],"line":62},"7":{"loc":{"start":{"line":68,"column":6},"end":{"line":70,"column":7}},"type":"if","locations":[{"start":{"line":68,"column":6},"end":{"line":70,"column":7}},{"start":{},"end":{}}],"line":68},"8":{"loc":{"start":{"line":104,"column":4},"end":{"line":106,"column":5}},"type":"if","locations":[{"start":{"line":104,"column":4},"end":{"line":106,"column":5}},{"start":{},"end":{}}],"line":104},"9":{"loc":{"start":{"line":104,"column":8},"end":{"line":104,"column":56}},"type":"binary-expr","locations":[{"start":{"line":104,"column":8},"end":{"line":104,"column":19}},{"start":{"line":104,"column":23},"end":{"line":104,"column":56}}],"line":104},"10":{"loc":{"start":{"line":115,"column":6},"end":{"line":121,"column":7}},"type":"if","locations":[{"start":{"line":115,"column":6},"end":{"line":121,"column":7}},{"start":{"line":118,"column":13},"end":{"line":121,"column":7}}],"line":115},"11":{"loc":{"start":{"line":126,"column":4},"end":{"line":129,"column":5}},"type":"if","locations":[{"start":{"line":126,"column":4},"end":{"line":129,"column":5}},{"start":{},"end":{}}],"line":126},"12":{"loc":{"start":{"line":134,"column":4},"end":{"line":140,"column":5}},"type":"if","locations":[{"start":{"line":134,"column":4},"end":{"line":140,"column":5}},{"start":{"line":137,"column":11},"end":{"line":140,"column":5}}],"line":134}},"s":{"0":1,"1":1,"2":1,"3":1,"4":1,"5":2,"6":2,"7":2,"8":2,"9":0,"10":2,"11":2,"12":1,"13":1,"14":1,"15":1,"16":1,"17":1,"18":0,"19":1,"20":6,"21":6,"22":6,"23":1,"24":5,"25":5,"26":4,"27":4,"28":1,"29":3,"30":3,"31":1,"32":2,"33":2,"34":1,"35":1,"36":1,"37":1,"38":1,"39":1,"40":1,"41":1,"42":2,"43":2,"44":2,"45":0,"46":0,"47":1,"48":6,"49":6,"50":6,"51":1,"52":5,"53":5,"54":5,"55":3,"56":2,"57":1,"58":1,"59":1,"60":1,"61":3,"62":3,"63":0,"64":0,"65":3,"66":3,"67":1,"68":1,"69":1,"70":1,"71":1,"72":1,"73":1,"74":2,"75":2,"76":2,"77":2,"78":1},"f":{"0":2,"1":6,"2":2,"3":6,"4":2,"5":2},"b":{"0":[0,2],"1":[1,1],"2":[1,5],"3":[6,5],"4":[1,3],"5":[4,3],"6":[1,2],"7":[1,1],"8":[1,5],"9":[6,5],"10":[1,1],"11":[0,3],"12":[1,1]},"_coverageSchema":"1a1c01bbd47fc00a2c39e90264f33305004495a9","hash":"675db0e3bfd5a088df9a5eef9a37c23df740ce48"}
,"C:\\Users\\mirja\\projects\\TaPas2\\tapas\\backend\\models\\Userlist.js": {"path":"C:\\Users\\mirja\\projects\\TaPas2\\tapas\\backend\\models\\Userlist.js","statementMap":{"0":{"start":{"line":1,"column":17},"end":{"line":1,"column":36}},"1":{"start":{"line":3,"column":19},"end":{"line":14,"column":2}},"2":{"start":{"line":16,"column":17},"end":{"line":16,"column":55}},"3":{"start":{"line":18,"column":0},"end":{"line":18,"column":26}}},"fnMap":{},"branchMap":{},"s":{"0":1,"1":1,"2":1,"3":1},"f":{},"b":{},"_coverageSchema":"1a1c01bbd47fc00a2c39e90264f33305004495a9","hash":"483265b761701179bb92591f109eea67b32d0ad6"}
,"C:\\Users\\mirja\\projects\\TaPas2\\tapas\\backend\\utils\\activeTokens.js": {"path":"C:\\Users\\mirja\\projects\\TaPas2\\tapas\\backend\\utils\\activeTokens.js","statementMap":{"0":{"start":{"line":1,"column":21},"end":{"line":1,"column":30}},"1":{"start":{"line":2,"column":0},"end":{"line":2,"column":30}}},"fnMap":{},"branchMap":{},"s":{"0":1,"1":1},"f":{},"b":{},"_coverageSchema":"1a1c01bbd47fc00a2c39e90264f33305004495a9","hash":"daa41f9f83baeb593c9d3e44b98f54a3a1b2442c"}
}
