TN:
SF:config.js
FNF:0
FNH:0
DA:1,1
LF:1
LH:1
BRDA:2,0,0,1
BRDA:2,0,1,1
BRDA:4,1,0,1
BRDA:4,1,1,1
BRDA:5,2,0,1
BRDA:5,2,1,1
BRDA:6,3,0,1
BRDA:6,3,1,1
BRDA:7,4,0,1
BRDA:7,4,1,1
BRF:10
BRH:10
end_of_record
TN:
SF:controllers\authController.js
FN:10,(anonymous_0)
FN:44,(anonymous_1)
FN:88,(anonymous_2)
FN:100,(anonymous_3)
FN:139,(anonymous_4)
FN:140,(anonymous_5)
FNF:6
FNH:6
FNDA:2,(anonymous_0)
FNDA:6,(anonymous_1)
FNDA:2,(anonymous_2)
FNDA:1,(anonymous_3)
FNDA:2,(anonymous_4)
FNDA:2,(anonymous_5)
DA:1,1
DA:2,1
DA:3,1
DA:4,1
DA:7,1
DA:10,1
DA:12,2
DA:14,2
DA:16,2
DA:18,2
DA:19,0
DA:23,2
DA:24,2
DA:25,1
DA:29,1
DA:32,1
DA:37,1
DA:38,1
DA:40,0
DA:44,1
DA:45,6
DA:46,6
DA:48,6
DA:49,1
DA:52,5
DA:53,5
DA:55,4
DA:57,4
DA:58,1
DA:62,3
DA:63,3
DA:64,1
DA:68,2
DA:69,2
DA:70,1
DA:74,1
DA:77,1
DA:78,1
DA:80,1
DA:82,1
DA:83,1
DA:88,1
DA:89,2
DA:92,2
DA:93,2
DA:95,0
DA:96,0
DA:100,1
DA:101,1
DA:102,1
DA:104,1
DA:105,0
DA:108,1
DA:110,1
DA:112,1
DA:113,1
DA:116,1
DA:117,1
DA:118,1
DA:120,0
DA:124,0
DA:125,0
DA:126,0
DA:128,0
DA:129,0
DA:133,0
DA:134,0
DA:139,1
DA:140,2
DA:144,2
DA:146,1
LF:71
LH:58
BRDA:18,0,0,0
BRDA:18,0,1,2
BRDA:24,1,0,1
BRDA:24,1,1,1
BRDA:48,2,0,1
BRDA:48,2,1,5
BRDA:48,3,0,6
BRDA:48,3,1,5
BRDA:57,4,0,1
BRDA:57,4,1,3
BRDA:57,5,0,4
BRDA:57,5,1,3
BRDA:63,6,0,1
BRDA:63,6,1,2
BRDA:69,7,0,1
BRDA:69,7,1,1
BRDA:104,8,0,0
BRDA:104,8,1,1
BRDA:104,9,0,1
BRDA:104,9,1,1
BRDA:116,10,0,1
BRDA:116,10,1,0
BRDA:124,11,0,0
BRDA:124,11,1,0
BRF:24
BRH:19
end_of_record
TN:
SF:models\Userlist.js
FNF:0
FNH:0
DA:1,1
DA:3,1
DA:16,1
DA:18,1
LF:4
LH:4
BRF:0
BRH:0
end_of_record
TN:
SF:utils\activeTokens.js
FNF:0
FNH:0
DA:1,1
DA:2,1
LF:2
LH:2
BRF:0
BRH:0
end_of_record
