TN:
SF:config.js
FNF:0
FNH:0
DA:1,1
LF:1
LH:1
BRDA:2,0,0,1
BRDA:2,0,1,1
BRDA:4,1,0,1
BRDA:4,1,1,1
BRDA:5,2,0,1
BRDA:5,2,1,1
BRDA:6,3,0,1
BRDA:6,3,1,1
BRDA:7,4,0,1
BRDA:7,4,1,1
BRF:10
BRH:10
end_of_record
TN:
SF:controllers\authController.js
FN:10,(anonymous_0)
FN:43,(anonymous_1)
FN:87,(anonymous_2)
FN:100,(anonymous_3)
FN:154,(anonymous_4)
FN:157,(anonymous_5)
FNF:6
FNH:6
FNDA:2,(anonymous_0)
FNDA:6,(anonymous_1)
FNDA:2,(anonymous_2)
FNDA:6,(anonymous_3)
FNDA:2,(anonymous_4)
FNDA:2,(anonymous_5)
DA:1,1
DA:2,1
DA:3,1
DA:4,1
DA:10,1
DA:11,2
DA:13,2
DA:14,2
DA:16,2
DA:17,0
DA:21,2
DA:22,2
DA:23,1
DA:27,1
DA:34,1
DA:35,1
DA:37,1
DA:38,1
DA:40,0
DA:43,1
DA:44,6
DA:45,6
DA:47,6
DA:48,1
DA:51,5
DA:52,5
DA:54,4
DA:56,4
DA:57,1
DA:61,3
DA:62,3
DA:63,1
DA:67,2
DA:68,2
DA:69,1
DA:73,1
DA:76,1
DA:77,1
DA:79,1
DA:81,1
DA:82,1
DA:87,1
DA:88,2
DA:91,2
DA:92,2
DA:94,0
DA:95,0
DA:100,1
DA:101,6
DA:102,6
DA:104,6
DA:105,1
DA:108,5
DA:111,5
DA:112,5
DA:113,3
DA:115,2
DA:116,1
DA:117,1
DA:119,1
DA:120,1
DA:125,3
DA:126,3
DA:127,0
DA:128,0
DA:132,3
DA:134,3
DA:135,1
DA:136,1
DA:138,1
DA:139,1
DA:142,1
DA:143,1
DA:154,1
DA:155,2
DA:157,2
DA:162,2
DA:164,1
LF:78
LH:72
BRDA:16,0,0,0
BRDA:16,0,1,2
BRDA:22,1,0,1
BRDA:22,1,1,1
BRDA:47,2,0,1
BRDA:47,2,1,5
BRDA:47,3,0,6
BRDA:47,3,1,5
BRDA:56,4,0,1
BRDA:56,4,1,3
BRDA:56,5,0,4
BRDA:56,5,1,3
BRDA:62,6,0,1
BRDA:62,6,1,2
BRDA:68,7,0,1
BRDA:68,7,1,1
BRDA:104,8,0,1
BRDA:104,8,1,5
BRDA:104,9,0,6
BRDA:104,9,1,5
BRDA:115,10,0,1
BRDA:115,10,1,1
BRDA:126,11,0,0
BRDA:126,11,1,3
BRDA:134,12,0,1
BRDA:134,12,1,1
BRF:26
BRH:24
end_of_record
TN:
SF:models\Userlist.js
FNF:0
FNH:0
DA:1,1
DA:3,1
DA:16,1
DA:18,1
LF:4
LH:4
BRF:0
BRH:0
end_of_record
TN:
SF:utils\activeTokens.js
FNF:0
FNH:0
DA:1,1
DA:2,1
LF:2
LH:2
BRF:0
BRH:0
end_of_record
